{"/home/yxh/myblog/myblog/index.js":{"path":"/home/yxh/myblog/myblog/index.js","s":{"1":1,"2":1,"3":1,"4":1,"5":1,"6":1,"7":1,"8":1,"9":1,"10":1,"11":1,"12":1,"13":1,"14":1,"15":1,"16":1,"17":1,"18":1,"19":8,"20":8,"21":8,"22":8,"23":1,"24":1,"25":1,"26":0,"27":1,"28":1,"29":0,"30":0},"b":{"1":[1,0]},"f":{"1":0},"fnMap":{"1":{"name":"(anonymous_1)","line":94,"loc":{"start":{"line":94,"column":26},"end":{"line":94,"column":36}}}},"statementMap":{"1":{"start":{"line":1,"column":0},"end":{"line":1,"column":28}},"2":{"start":{"line":2,"column":0},"end":{"line":2,"column":34}},"3":{"start":{"line":3,"column":0},"end":{"line":3,"column":42}},"4":{"start":{"line":4,"column":0},"end":{"line":4,"column":52}},"5":{"start":{"line":5,"column":0},"end":{"line":5,"column":38}},"6":{"start":{"line":6,"column":0},"end":{"line":6,"column":37}},"7":{"start":{"line":7,"column":0},"end":{"line":7,"column":34}},"8":{"start":{"line":8,"column":0},"end":{"line":8,"column":32}},"9":{"start":{"line":10,"column":0},"end":{"line":10,"column":34}},"10":{"start":{"line":11,"column":0},"end":{"line":11,"column":49}},"11":{"start":{"line":13,"column":0},"end":{"line":13,"column":19}},"12":{"start":{"line":15,"column":0},"end":{"line":15,"column":47}},"13":{"start":{"line":16,"column":0},"end":{"line":16,"column":29}},"14":{"start":{"line":18,"column":0},"end":{"line":18,"column":55}},"15":{"start":{"line":21,"column":0},"end":{"line":30,"column":3}},"16":{"start":{"line":32,"column":0},"end":{"line":32,"column":16}},"17":{"start":{"line":35,"column":0},"end":{"line":38,"column":1}},"18":{"start":{"line":40,"column":0},"end":{"line":45,"column":2}},"19":{"start":{"line":41,"column":2},"end":{"line":41,"column":36}},"20":{"start":{"line":42,"column":2},"end":{"line":42,"column":54}},"21":{"start":{"line":43,"column":2},"end":{"line":43,"column":50}},"22":{"start":{"line":44,"column":2},"end":{"line":44,"column":8}},"23":{"start":{"line":47,"column":0},"end":{"line":50,"column":3}},"24":{"start":{"line":66,"column":0},"end":{"line":66,"column":11}},"25":{"start":{"line":81,"column":0},"end":{"line":85,"column":2}},"26":{"start":{"line":82,"column":2},"end":{"line":84,"column":4}},"27":{"start":{"line":91,"column":0},"end":{"line":97,"column":1}},"28":{"start":{"line":92,"column":2},"end":{"line":92,"column":22}},"29":{"start":{"line":94,"column":2},"end":{"line":96,"column":4}},"30":{"start":{"line":95,"column":4},"end":{"line":95,"column":63}}},"branchMap":{"1":{"line":91,"type":"if","locations":[{"start":{"line":91,"column":0},"end":{"line":91,"column":0}},{"start":{"line":91,"column":0},"end":{"line":91,"column":0}}]}}},"/home/yxh/myblog/myblog/config/default.js":{"path":"/home/yxh/myblog/myblog/config/default.js","s":{"1":1},"b":{},"f":{},"fnMap":{},"statementMap":{"1":{"start":{"line":1,"column":0},"end":{"line":9,"column":1}}},"branchMap":{}},"/home/yxh/myblog/myblog/routes/index.js":{"path":"/home/yxh/myblog/myblog/routes/index.js","s":{"1":1,"2":1,"3":0,"4":1,"5":1,"6":1,"7":1},"b":{},"f":{},"fnMap":{},"statementMap":{"1":{"start":{"line":3,"column":0},"end":{"line":18,"column":1}},"2":{"start":{"line":4,"column":2},"end":{"line":6,"column":4}},"3":{"start":{"line":5,"column":4},"end":{"line":5,"column":26}},"4":{"start":{"line":8,"column":2},"end":{"line":8,"column":41}},"5":{"start":{"line":9,"column":2},"end":{"line":9,"column":41}},"6":{"start":{"line":10,"column":2},"end":{"line":10,"column":43}},"7":{"start":{"line":11,"column":2},"end":{"line":11,"column":39}}},"branchMap":{}},"/home/yxh/myblog/myblog/routes/signup.js":{"path":"/home/yxh/myblog/myblog/routes/signup.js","s":{"1":1,"2":1,"3":1,"4":1,"5":1,"6":1,"7":1,"8":3,"9":1,"10":4,"11":4,"12":4,"13":4,"14":4,"15":4,"16":4,"17":4,"18":1,"19":3,"20":1,"21":2,"22":0,"23":2,"24":0,"25":2,"26":0,"27":2,"28":0,"29":2,"30":2,"31":2,"32":2,"33":2,"34":1,"35":1,"36":1,"37":1,"38":1,"39":1,"40":1,"41":1,"42":0,"43":1},"b":{"1":[1,3],"2":[4,3],"3":[1,2],"4":[0,2],"5":[2,2],"6":[0,2],"7":[0,2],"8":[0,2],"9":[1,0]},"f":{},"fnMap":{},"statementMap":{"1":{"start":{"line":1,"column":0},"end":{"line":1,"column":34}},"2":{"start":{"line":2,"column":0},"end":{"line":2,"column":28}},"3":{"start":{"line":3,"column":0},"end":{"line":3,"column":28}},"4":{"start":{"line":4,"column":0},"end":{"line":4,"column":29}},"5":{"start":{"line":6,"column":0},"end":{"line":6,"column":42}},"6":{"start":{"line":7,"column":0},"end":{"line":7,"column":65}},"7":{"start":{"line":10,"column":0},"end":{"line":12,"column":2}},"8":{"start":{"line":11,"column":2},"end":{"line":11,"column":22}},"9":{"start":{"line":15,"column":0},"end":{"line":74,"column":2}},"10":{"start":{"line":16,"column":2},"end":{"line":16,"column":28}},"11":{"start":{"line":17,"column":2},"end":{"line":17,"column":32}},"12":{"start":{"line":18,"column":2},"end":{"line":18,"column":26}},"13":{"start":{"line":19,"column":2},"end":{"line":19,"column":58}},"14":{"start":{"line":20,"column":2},"end":{"line":20,"column":36}},"15":{"start":{"line":21,"column":2},"end":{"line":21,"column":40}},"16":{"start":{"line":23,"column":2},"end":{"line":45,"column":3}},"17":{"start":{"line":24,"column":4},"end":{"line":26,"column":5}},"18":{"start":{"line":25,"column":6},"end":{"line":25,"column":37}},"19":{"start":{"line":27,"column":4},"end":{"line":29,"column":5}},"20":{"start":{"line":28,"column":6},"end":{"line":28,"column":35}},"21":{"start":{"line":30,"column":4},"end":{"line":32,"column":5}},"22":{"start":{"line":31,"column":6},"end":{"line":31,"column":40}},"23":{"start":{"line":33,"column":4},"end":{"line":35,"column":5}},"24":{"start":{"line":34,"column":6},"end":{"line":34,"column":29}},"25":{"start":{"line":36,"column":4},"end":{"line":38,"column":5}},"26":{"start":{"line":37,"column":6},"end":{"line":37,"column":33}},"27":{"start":{"line":39,"column":4},"end":{"line":41,"column":5}},"28":{"start":{"line":40,"column":6},"end":{"line":40,"column":34}},"29":{"start":{"line":43,"column":4},"end":{"line":43,"column":34}},"30":{"start":{"line":44,"column":4},"end":{"line":44,"column":34}},"31":{"start":{"line":48,"column":2},"end":{"line":48,"column":27}},"32":{"start":{"line":51,"column":2},"end":{"line":57,"column":3}},"33":{"start":{"line":59,"column":2},"end":{"line":73,"column":6}},"34":{"start":{"line":61,"column":6},"end":{"line":61,"column":30}},"35":{"start":{"line":62,"column":6},"end":{"line":62,"column":26}},"36":{"start":{"line":63,"column":6},"end":{"line":63,"column":29}},"37":{"start":{"line":64,"column":6},"end":{"line":64,"column":34}},"38":{"start":{"line":65,"column":6},"end":{"line":65,"column":28}},"39":{"start":{"line":68,"column":6},"end":{"line":71,"column":7}},"40":{"start":{"line":69,"column":8},"end":{"line":69,"column":37}},"41":{"start":{"line":70,"column":8},"end":{"line":70,"column":39}},"42":{"start":{"line":72,"column":6},"end":{"line":72,"column":15}},"43":{"start":{"line":76,"column":0},"end":{"line":76,"column":23}}},"branchMap":{"1":{"line":24,"type":"if","locations":[{"start":{"line":24,"column":4},"end":{"line":24,"column":4}},{"start":{"line":24,"column":4},"end":{"line":24,"column":4}}]},"2":{"line":24,"type":"binary-expr","locations":[{"start":{"line":24,"column":9},"end":{"line":24,"column":25}},{"start":{"line":24,"column":29},"end":{"line":24,"column":46}}]},"3":{"line":27,"type":"if","locations":[{"start":{"line":27,"column":4},"end":{"line":27,"column":4}},{"start":{"line":27,"column":4},"end":{"line":27,"column":4}}]},"4":{"line":30,"type":"if","locations":[{"start":{"line":30,"column":4},"end":{"line":30,"column":4}},{"start":{"line":30,"column":4},"end":{"line":30,"column":4}}]},"5":{"line":30,"type":"binary-expr","locations":[{"start":{"line":30,"column":9},"end":{"line":30,"column":24}},{"start":{"line":30,"column":28},"end":{"line":30,"column":45}}]},"6":{"line":33,"type":"if","locations":[{"start":{"line":33,"column":4},"end":{"line":33,"column":4}},{"start":{"line":33,"column":4},"end":{"line":33,"column":4}}]},"7":{"line":36,"type":"if","locations":[{"start":{"line":36,"column":4},"end":{"line":36,"column":4}},{"start":{"line":36,"column":4},"end":{"line":36,"column":4}}]},"8":{"line":39,"type":"if","locations":[{"start":{"line":39,"column":4},"end":{"line":39,"column":4}},{"start":{"line":39,"column":4},"end":{"line":39,"column":4}}]},"9":{"line":68,"type":"if","locations":[{"start":{"line":68,"column":6},"end":{"line":68,"column":6}},{"start":{"line":68,"column":6},"end":{"line":68,"column":6}}]}}},"/home/yxh/myblog/myblog/models/users.js":{"path":"/home/yxh/myblog/myblog/models/users.js","s":{"1":1,"2":1,"3":2,"4":0,"5":0},"b":{},"f":{"1":2,"2":0,"3":0},"fnMap":{"1":{"name":"create","line":5,"loc":{"start":{"line":5,"column":10},"end":{"line":5,"column":32}}},"2":{"name":"getUserByName","line":8,"loc":{"start":{"line":8,"column":17},"end":{"line":8,"column":46}}},"3":{"name":"getUserById","line":14,"loc":{"start":{"line":14,"column":15},"end":{"line":14,"column":43}}}},"statementMap":{"1":{"start":{"line":1,"column":0},"end":{"line":1,"column":41}},"2":{"start":{"line":3,"column":0},"end":{"line":20,"column":1}},"3":{"start":{"line":6,"column":4},"end":{"line":6,"column":35}},"4":{"start":{"line":9,"column":4},"end":{"line":12,"column":13}},"5":{"start":{"line":15,"column":4},"end":{"line":18,"column":13}}},"branchMap":{}},"/home/yxh/myblog/myblog/lib/mongo.js":{"path":"/home/yxh/myblog/myblog/lib/mongo.js","s":{"1":1,"2":1,"3":1,"4":1,"5":1,"6":1,"7":1,"8":1,"9":1,"10":1,"11":0,"12":0,"13":0,"14":1,"15":1,"16":1,"17":1,"18":1,"19":1,"20":1},"b":{"1":[0,0]},"f":{"1":1,"2":1,"3":0},"fnMap":{"1":{"name":"(anonymous_1)","line":11,"loc":{"start":{"line":11,"column":13},"end":{"line":11,"column":32}}},"2":{"name":"(anonymous_2)","line":12,"loc":{"start":{"line":12,"column":20},"end":{"line":12,"column":36}}},"3":{"name":"(anonymous_3)","line":17,"loc":{"start":{"line":17,"column":16},"end":{"line":17,"column":34}}}},"statementMap":{"1":{"start":{"line":1,"column":0},"end":{"line":1,"column":37}},"2":{"start":{"line":2,"column":0},"end":{"line":2,"column":38}},"3":{"start":{"line":3,"column":0},"end":{"line":3,"column":32}},"4":{"start":{"line":4,"column":0},"end":{"line":4,"column":60}},"5":{"start":{"line":6,"column":0},"end":{"line":6,"column":31}},"6":{"start":{"line":7,"column":0},"end":{"line":7,"column":33}},"7":{"start":{"line":10,"column":0},"end":{"line":23,"column":3}},"8":{"start":{"line":12,"column":4},"end":{"line":14,"column":7}},"9":{"start":{"line":13,"column":6},"end":{"line":13,"column":89}},"10":{"start":{"line":15,"column":4},"end":{"line":15,"column":19}},"11":{"start":{"line":18,"column":4},"end":{"line":20,"column":5}},"12":{"start":{"line":19,"column":6},"end":{"line":19,"column":93}},"13":{"start":{"line":21,"column":4},"end":{"line":21,"column":18}},"14":{"start":{"line":26,"column":0},"end":{"line":32,"column":2}},"15":{"start":{"line":35,"column":0},"end":{"line":44,"column":2}},"16":{"start":{"line":46,"column":0},"end":{"line":50,"column":2}},"17":{"start":{"line":52,"column":0},"end":{"line":52,"column":53}},"18":{"start":{"line":53,"column":0},"end":{"line":53,"column":48}},"19":{"start":{"line":54,"column":0},"end":{"line":54,"column":46}},"20":{"start":{"line":55,"column":0},"end":{"line":55,"column":45}}},"branchMap":{"1":{"line":18,"type":"if","locations":[{"start":{"line":18,"column":4},"end":{"line":18,"column":4}},{"start":{"line":18,"column":4},"end":{"line":18,"column":4}}]}}},"/home/yxh/myblog/myblog/middlewares/check.js":{"path":"/home/yxh/myblog/myblog/middlewares/check.js","s":{"1":1,"2":0,"3":0,"4":0,"5":0,"6":7,"7":0,"8":0,"9":7},"b":{"1":[0,0],"2":[0,7]},"f":{"1":0,"2":7},"fnMap":{"1":{"name":"checkLogin","line":3,"loc":{"start":{"line":3,"column":14},"end":{"line":3,"column":49}}},"2":{"name":"checkNotLogin","line":10,"loc":{"start":{"line":10,"column":17},"end":{"line":10,"column":55}}}},"statementMap":{"1":{"start":{"line":2,"column":0},"end":{"line":17,"column":1}},"2":{"start":{"line":4,"column":4},"end":{"line":7,"column":5}},"3":{"start":{"line":5,"column":6},"end":{"line":5,"column":31}},"4":{"start":{"line":6,"column":6},"end":{"line":6,"column":36}},"5":{"start":{"line":8,"column":4},"end":{"line":8,"column":10}},"6":{"start":{"line":11,"column":4},"end":{"line":14,"column":5}},"7":{"start":{"line":12,"column":6},"end":{"line":12,"column":31}},"8":{"start":{"line":13,"column":6},"end":{"line":13,"column":33}},"9":{"start":{"line":15,"column":4},"end":{"line":15,"column":10}}},"branchMap":{"1":{"line":4,"type":"if","locations":[{"start":{"line":4,"column":4},"end":{"line":4,"column":4}},{"start":{"line":4,"column":4},"end":{"line":4,"column":4}}]},"2":{"line":11,"type":"if","locations":[{"start":{"line":11,"column":4},"end":{"line":11,"column":4}},{"start":{"line":11,"column":4},"end":{"line":11,"column":4}}]}}},"/home/yxh/myblog/myblog/routes/signin.js":{"path":"/home/yxh/myblog/myblog/routes/signin.js","s":{"1":1,"2":1,"3":1,"4":1,"5":1,"6":1,"7":0,"8":1,"9":0,"10":0,"11":0,"12":0,"13":0,"14":0,"15":0,"16":0,"17":0,"18":0,"19":0,"20":0,"21":0,"22":1},"b":{"1":[0,0],"2":[0,0]},"f":{},"fnMap":{},"statementMap":{"1":{"start":{"line":1,"column":0},"end":{"line":1,"column":34}},"2":{"start":{"line":2,"column":0},"end":{"line":2,"column":28}},"3":{"start":{"line":3,"column":0},"end":{"line":3,"column":29}},"4":{"start":{"line":5,"column":0},"end":{"line":5,"column":42}},"5":{"start":{"line":6,"column":0},"end":{"line":6,"column":65}},"6":{"start":{"line":9,"column":0},"end":{"line":11,"column":2}},"7":{"start":{"line":10,"column":2},"end":{"line":10,"column":22}},"8":{"start":{"line":14,"column":0},"end":{"line":34,"column":2}},"9":{"start":{"line":15,"column":2},"end":{"line":15,"column":28}},"10":{"start":{"line":16,"column":2},"end":{"line":16,"column":36}},"11":{"start":{"line":18,"column":2},"end":{"line":33,"column":16}},"12":{"start":{"line":20,"column":6},"end":{"line":23,"column":7}},"13":{"start":{"line":21,"column":8},"end":{"line":21,"column":35}},"14":{"start":{"line":22,"column":8},"end":{"line":22,"column":35}},"15":{"start":{"line":24,"column":6},"end":{"line":27,"column":7}},"16":{"start":{"line":25,"column":8},"end":{"line":25,"column":34}},"17":{"start":{"line":26,"column":8},"end":{"line":26,"column":35}},"18":{"start":{"line":28,"column":6},"end":{"line":28,"column":34}},"19":{"start":{"line":29,"column":6},"end":{"line":29,"column":26}},"20":{"start":{"line":30,"column":6},"end":{"line":30,"column":29}},"21":{"start":{"line":31,"column":6},"end":{"line":31,"column":27}},"22":{"start":{"line":37,"column":0},"end":{"line":37,"column":23}}},"branchMap":{"1":{"line":20,"type":"if","locations":[{"start":{"line":20,"column":6},"end":{"line":20,"column":6}},{"start":{"line":20,"column":6},"end":{"line":20,"column":6}}]},"2":{"line":24,"type":"if","locations":[{"start":{"line":24,"column":6},"end":{"line":24,"column":6}},{"start":{"line":24,"column":6},"end":{"line":24,"column":6}}]}}},"/home/yxh/myblog/myblog/routes/signout.js":{"path":"/home/yxh/myblog/myblog/routes/signout.js","s":{"1":1,"2":1,"3":1,"4":1,"5":0,"6":0,"7":0,"8":1},"b":{},"f":{},"fnMap":{},"statementMap":{"1":{"start":{"line":1,"column":0},"end":{"line":1,"column":34}},"2":{"start":{"line":2,"column":0},"end":{"line":2,"column":29}},"3":{"start":{"line":4,"column":0},"end":{"line":4,"column":59}},"4":{"start":{"line":7,"column":0},"end":{"line":11,"column":2}},"5":{"start":{"line":8,"column":2},"end":{"line":8,"column":25}},"6":{"start":{"line":9,"column":2},"end":{"line":9,"column":30}},"7":{"start":{"line":10,"column":2},"end":{"line":10,"column":24}},"8":{"start":{"line":14,"column":0},"end":{"line":14,"column":23}}},"branchMap":{}},"/home/yxh/myblog/myblog/routes/posts.js":{"path":"/home/yxh/myblog/myblog/routes/posts.js","s":{"1":1,"2":1,"3":1,"4":1,"5":1,"6":1,"7":1,"8":1,"9":1,"10":1,"11":1,"12":0,"13":1,"14":0,"15":0,"16":0,"17":0,"18":0,"19":0,"20":0,"21":0,"22":0,"23":0,"24":0,"25":0,"26":0,"27":0,"28":0,"29":0,"30":1,"31":0,"32":0,"33":0,"34":0,"35":0,"36":0,"37":0,"38":0,"39":1,"40":0,"41":0,"42":0,"43":0,"44":0,"45":0,"46":0,"47":0,"48":1,"49":0,"50":0,"51":0,"52":0,"53":0,"54":0,"55":0,"56":1,"57":0,"58":0,"59":0,"60":0,"61":0,"62":1,"63":0,"64":0,"65":0,"66":0,"67":0,"68":0,"69":0,"70":1,"71":0,"72":0,"73":0,"74":0,"75":0,"76":1},"b":{"1":[0,0],"2":[0,0],"3":[0,0],"4":[0,0],"5":[0,0]},"f":{},"fnMap":{},"statementMap":{"1":{"start":{"line":2,"column":0},"end":{"line":2,"column":34}},"2":{"start":{"line":3,"column":0},"end":{"line":3,"column":44}},"3":{"start":{"line":4,"column":0},"end":{"line":4,"column":44}},"4":{"start":{"line":5,"column":0},"end":{"line":5,"column":50}},"5":{"start":{"line":6,"column":0},"end":{"line":6,"column":29}},"6":{"start":{"line":8,"column":0},"end":{"line":8,"column":59}},"7":{"start":{"line":11,"column":0},"end":{"line":21,"column":2}},"8":{"start":{"line":13,"column":2},"end":{"line":13,"column":31}},"9":{"start":{"line":14,"column":2},"end":{"line":20,"column":16}},"10":{"start":{"line":16,"column":6},"end":{"line":18,"column":8}},"11":{"start":{"line":24,"column":0},"end":{"line":26,"column":2}},"12":{"start":{"line":25,"column":2},"end":{"line":25,"column":22}},"13":{"start":{"line":29,"column":0},"end":{"line":63,"column":2}},"14":{"start":{"line":30,"column":2},"end":{"line":30,"column":35}},"15":{"start":{"line":31,"column":2},"end":{"line":31,"column":30}},"16":{"start":{"line":32,"column":2},"end":{"line":32,"column":34}},"17":{"start":{"line":33,"column":2},"end":{"line":33,"column":52}},"18":{"start":{"line":35,"column":2},"end":{"line":45,"column":5}},"19":{"start":{"line":36,"column":4},"end":{"line":38,"column":5}},"20":{"start":{"line":37,"column":6},"end":{"line":37,"column":30}},"21":{"start":{"line":39,"column":4},"end":{"line":41,"column":5}},"22":{"start":{"line":40,"column":6},"end":{"line":40,"column":30}},"23":{"start":{"line":43,"column":6},"end":{"line":43,"column":35}},"24":{"start":{"line":44,"column":6},"end":{"line":44,"column":33}},"25":{"start":{"line":46,"column":2},"end":{"line":55,"column":3}},"26":{"start":{"line":56,"column":2},"end":{"line":62,"column":16}},"27":{"start":{"line":58,"column":6},"end":{"line":58,"column":30}},"28":{"start":{"line":59,"column":6},"end":{"line":59,"column":34}},"29":{"start":{"line":60,"column":6},"end":{"line":60,"column":40}},"30":{"start":{"line":66,"column":0},"end":{"line":87,"column":2}},"31":{"start":{"line":67,"column":2},"end":{"line":67,"column":32}},"32":{"start":{"line":68,"column":2},"end":{"line":86,"column":4}},"33":{"start":{"line":74,"column":4},"end":{"line":74,"column":24}},"34":{"start":{"line":75,"column":4},"end":{"line":75,"column":28}},"35":{"start":{"line":76,"column":4},"end":{"line":78,"column":5}},"36":{"start":{"line":77,"column":8},"end":{"line":77,"column":32}},"37":{"start":{"line":79,"column":4},"end":{"line":82,"column":6}},"38":{"start":{"line":85,"column":4},"end":{"line":85,"column":10}},"39":{"start":{"line":90,"column":0},"end":{"line":107,"column":2}},"40":{"start":{"line":91,"column":2},"end":{"line":91,"column":32}},"41":{"start":{"line":92,"column":2},"end":{"line":92,"column":35}},"42":{"start":{"line":94,"column":2},"end":{"line":106,"column":16}},"43":{"start":{"line":96,"column":6},"end":{"line":98,"column":7}},"44":{"start":{"line":97,"column":8},"end":{"line":97,"column":33}},"45":{"start":{"line":99,"column":6},"end":{"line":101,"column":7}},"46":{"start":{"line":100,"column":8},"end":{"line":100,"column":31}},"47":{"start":{"line":102,"column":6},"end":{"line":104,"column":8}},"48":{"start":{"line":110,"column":0},"end":{"line":122,"column":2}},"49":{"start":{"line":111,"column":2},"end":{"line":111,"column":32}},"50":{"start":{"line":112,"column":2},"end":{"line":112,"column":35}},"51":{"start":{"line":113,"column":2},"end":{"line":113,"column":31}},"52":{"start":{"line":114,"column":2},"end":{"line":114,"column":34}},"53":{"start":{"line":116,"column":2},"end":{"line":121,"column":16}},"54":{"start":{"line":118,"column":6},"end":{"line":118,"column":36}},"55":{"start":{"line":119,"column":6},"end":{"line":119,"column":38}},"56":{"start":{"line":125,"column":0},"end":{"line":134,"column":2}},"57":{"start":{"line":126,"column":2},"end":{"line":126,"column":32}},"58":{"start":{"line":127,"column":2},"end":{"line":127,"column":35}},"59":{"start":{"line":128,"column":2},"end":{"line":133,"column":16}},"60":{"start":{"line":130,"column":6},"end":{"line":130,"column":36}},"61":{"start":{"line":131,"column":6},"end":{"line":131,"column":28}},"62":{"start":{"line":137,"column":0},"end":{"line":152,"column":2}},"63":{"start":{"line":138,"column":2},"end":{"line":138,"column":35}},"64":{"start":{"line":139,"column":2},"end":{"line":139,"column":32}},"65":{"start":{"line":140,"column":2},"end":{"line":140,"column":34}},"66":{"start":{"line":141,"column":2},"end":{"line":145,"column":3}},"67":{"start":{"line":146,"column":2},"end":{"line":151,"column":16}},"68":{"start":{"line":148,"column":6},"end":{"line":148,"column":34}},"69":{"start":{"line":149,"column":6},"end":{"line":149,"column":26}},"70":{"start":{"line":155,"column":0},"end":{"line":164,"column":2}},"71":{"start":{"line":156,"column":2},"end":{"line":156,"column":38}},"72":{"start":{"line":157,"column":2},"end":{"line":157,"column":35}},"73":{"start":{"line":158,"column":2},"end":{"line":163,"column":16}},"74":{"start":{"line":160,"column":6},"end":{"line":160,"column":34}},"75":{"start":{"line":161,"column":6},"end":{"line":161,"column":26}},"76":{"start":{"line":167,"column":0},"end":{"line":167,"column":23}}},"branchMap":{"1":{"line":36,"type":"if","locations":[{"start":{"line":36,"column":4},"end":{"line":36,"column":4}},{"start":{"line":36,"column":4},"end":{"line":36,"column":4}}]},"2":{"line":39,"type":"if","locations":[{"start":{"line":39,"column":4},"end":{"line":39,"column":4}},{"start":{"line":39,"column":4},"end":{"line":39,"column":4}}]},"3":{"line":76,"type":"if","locations":[{"start":{"line":76,"column":4},"end":{"line":76,"column":4}},{"start":{"line":76,"column":4},"end":{"line":76,"column":4}}]},"4":{"line":96,"type":"if","locations":[{"start":{"line":96,"column":6},"end":{"line":96,"column":6}},{"start":{"line":96,"column":6},"end":{"line":96,"column":6}}]},"5":{"line":99,"type":"if","locations":[{"start":{"line":99,"column":6},"end":{"line":99,"column":6}},{"start":{"line":99,"column":6},"end":{"line":99,"column":6}}]}}},"/home/yxh/myblog/myblog/models/posts.js":{"path":"/home/yxh/myblog/myblog/models/posts.js","s":{"1":1,"2":1,"3":1,"4":1,"5":1,"6":1,"7":1,"8":1,"9":0,"10":0,"11":0,"12":0,"13":0,"14":1,"15":1,"16":1,"17":1,"18":0,"19":0,"20":0,"21":1,"22":0,"23":0,"24":1,"25":1,"26":0,"27":1,"28":0,"29":0,"30":0,"31":0},"b":{"1":[0,0],"2":[0,0],"3":[0,1]},"f":{"1":1,"2":1,"3":1,"4":0,"5":0,"6":1,"7":1,"8":0,"9":0,"10":0,"11":1,"12":0,"13":0,"14":0,"15":0},"fnMap":{"1":{"name":"(anonymous_1)","line":6,"loc":{"start":{"line":6,"column":13},"end":{"line":6,"column":30}}},"2":{"name":"(anonymous_2)","line":7,"loc":{"start":{"line":7,"column":33},"end":{"line":7,"column":49}}},"3":{"name":"(anonymous_3)","line":8,"loc":{"start":{"line":8,"column":58},"end":{"line":8,"column":83}}},"4":{"name":"(anonymous_4)","line":14,"loc":{"start":{"line":14,"column":16},"end":{"line":14,"column":32}}},"5":{"name":"(anonymous_5)","line":16,"loc":{"start":{"line":16,"column":58},"end":{"line":16,"column":75}}},"6":{"name":"(anonymous_6)","line":27,"loc":{"start":{"line":27,"column":13},"end":{"line":27,"column":30}}},"7":{"name":"(anonymous_7)","line":28,"loc":{"start":{"line":28,"column":21},"end":{"line":28,"column":37}}},"8":{"name":"(anonymous_8)","line":33,"loc":{"start":{"line":33,"column":16},"end":{"line":33,"column":32}}},"9":{"name":"create","line":44,"loc":{"start":{"line":44,"column":10},"end":{"line":44,"column":32}}},"10":{"name":"getPostById","line":48,"loc":{"start":{"line":48,"column":15},"end":{"line":48,"column":43}}},"11":{"name":"getPosts","line":57,"loc":{"start":{"line":57,"column":12},"end":{"line":57,"column":38}}},"12":{"name":"incPv","line":71,"loc":{"start":{"line":71,"column":9},"end":{"line":71,"column":32}}},"13":{"name":"getRawPostById","line":77,"loc":{"start":{"line":77,"column":18},"end":{"line":77,"column":49}}},"14":{"name":"updatePostById","line":84,"loc":{"start":{"line":84,"column":18},"end":{"line":84,"column":63}}},"15":{"name":"delPostById","line":88,"loc":{"start":{"line":88,"column":15},"end":{"line":88,"column":51}}}},"statementMap":{"1":{"start":{"line":1,"column":0},"end":{"line":1,"column":41}},"2":{"start":{"line":2,"column":0},"end":{"line":2,"column":32}},"3":{"start":{"line":3,"column":0},"end":{"line":3,"column":42}},"4":{"start":{"line":5,"column":0},"end":{"line":23,"column":3}},"5":{"start":{"line":7,"column":4},"end":{"line":12,"column":8}},"6":{"start":{"line":8,"column":6},"end":{"line":11,"column":9}},"7":{"start":{"line":9,"column":8},"end":{"line":9,"column":43}},"8":{"start":{"line":10,"column":8},"end":{"line":10,"column":20}},"9":{"start":{"line":15,"column":4},"end":{"line":20,"column":5}},"10":{"start":{"line":16,"column":6},"end":{"line":19,"column":9}},"11":{"start":{"line":17,"column":8},"end":{"line":17,"column":35}},"12":{"start":{"line":18,"column":8},"end":{"line":18,"column":20}},"13":{"start":{"line":21,"column":4},"end":{"line":21,"column":16}},"14":{"start":{"line":26,"column":0},"end":{"line":39,"column":3}},"15":{"start":{"line":28,"column":4},"end":{"line":31,"column":7}},"16":{"start":{"line":29,"column":6},"end":{"line":29,"column":42}},"17":{"start":{"line":30,"column":6},"end":{"line":30,"column":18}},"18":{"start":{"line":34,"column":4},"end":{"line":36,"column":5}},"19":{"start":{"line":35,"column":6},"end":{"line":35,"column":42}},"20":{"start":{"line":37,"column":4},"end":{"line":37,"column":16}},"21":{"start":{"line":42,"column":0},"end":{"line":91,"column":1}},"22":{"start":{"line":45,"column":4},"end":{"line":45,"column":35}},"23":{"start":{"line":49,"column":4},"end":{"line":55,"column":13}},"24":{"start":{"line":58,"column":4},"end":{"line":58,"column":19}},"25":{"start":{"line":59,"column":4},"end":{"line":61,"column":5}},"26":{"start":{"line":60,"column":6},"end":{"line":60,"column":28}},"27":{"start":{"line":62,"column":4},"end":{"line":69,"column":14}},"28":{"start":{"line":72,"column":4},"end":{"line":74,"column":14}},"29":{"start":{"line":78,"column":4},"end":{"line":81,"column":13}},"30":{"start":{"line":85,"column":4},"end":{"line":85,"column":74}},"31":{"start":{"line":89,"column":4},"end":{"line":89,"column":60}}},"branchMap":{"1":{"line":15,"type":"if","locations":[{"start":{"line":15,"column":4},"end":{"line":15,"column":4}},{"start":{"line":15,"column":4},"end":{"line":15,"column":4}}]},"2":{"line":34,"type":"if","locations":[{"start":{"line":34,"column":4},"end":{"line":34,"column":4}},{"start":{"line":34,"column":4},"end":{"line":34,"column":4}}]},"3":{"line":59,"type":"if","locations":[{"start":{"line":59,"column":4},"end":{"line":59,"column":4}},{"start":{"line":59,"column":4},"end":{"line":59,"column":4}}]}}},"/home/yxh/myblog/myblog/models/comments.js":{"path":"/home/yxh/myblog/myblog/models/comments.js","s":{"1":1,"2":1,"3":1,"4":0,"5":0,"6":0,"7":1,"8":0,"9":0,"10":0,"11":1},"b":{},"f":{"1":0,"2":0,"3":0,"4":0,"5":0,"6":1},"fnMap":{"1":{"name":"(anonymous_1)","line":5,"loc":{"start":{"line":5,"column":13},"end":{"line":5,"column":33}}},"2":{"name":"(anonymous_2)","line":6,"loc":{"start":{"line":6,"column":24},"end":{"line":6,"column":43}}},"3":{"name":"create","line":14,"loc":{"start":{"line":14,"column":10},"end":{"line":14,"column":35}}},"4":{"name":"delCommentById","line":17,"loc":{"start":{"line":17,"column":18},"end":{"line":17,"column":61}}},"5":{"name":"getComments","line":20,"loc":{"start":{"line":20,"column":15},"end":{"line":20,"column":44}}},"6":{"name":"getCommentsCount","line":29,"loc":{"start":{"line":29,"column":20},"end":{"line":29,"column":54}}}},"statementMap":{"1":{"start":{"line":1,"column":0},"end":{"line":1,"column":32}},"2":{"start":{"line":2,"column":0},"end":{"line":2,"column":47}},"3":{"start":{"line":4,"column":0},"end":{"line":11,"column":3}},"4":{"start":{"line":6,"column":4},"end":{"line":9,"column":7}},"5":{"start":{"line":7,"column":6},"end":{"line":7,"column":48}},"6":{"start":{"line":8,"column":6},"end":{"line":8,"column":21}},"7":{"start":{"line":13,"column":0},"end":{"line":32,"column":1}},"8":{"start":{"line":15,"column":4},"end":{"line":15,"column":42}},"9":{"start":{"line":18,"column":4},"end":{"line":18,"column":69}},"10":{"start":{"line":21,"column":4},"end":{"line":27,"column":14}},"11":{"start":{"line":30,"column":4},"end":{"line":30,"column":52}}},"branchMap":{}}}