TN:
SF:/home/yxh/myblog/myblog/index.js
FN:94,(anonymous_1)
FNF:1
FNH:0
FNDA:0,(anonymous_1)
DA:1,1
DA:2,1
DA:3,1
DA:4,1
DA:5,1
DA:6,1
DA:7,1
DA:8,1
DA:10,1
DA:11,1
DA:13,1
DA:15,1
DA:16,1
DA:18,1
DA:21,1
DA:32,1
DA:35,1
DA:40,1
DA:41,8
DA:42,8
DA:43,8
DA:44,8
DA:47,1
DA:66,1
DA:81,1
DA:82,0
DA:91,1
DA:92,1
DA:94,0
DA:95,0
LF:30
LH:27
BRDA:91,1,0,1
BRDA:91,1,1,0
BRF:2
BRH:1
end_of_record
TN:
SF:/home/yxh/myblog/myblog/config/default.js
FNF:0
FNH:0
DA:1,1
LF:1
LH:1
BRF:0
BRH:0
end_of_record
TN:
SF:/home/yxh/myblog/myblog/routes/index.js
FNF:0
FNH:0
DA:3,1
DA:4,1
DA:5,0
DA:8,1
DA:9,1
DA:10,1
DA:11,1
LF:7
LH:6
BRF:0
BRH:0
end_of_record
TN:
SF:/home/yxh/myblog/myblog/routes/signup.js
FNF:0
FNH:0
DA:1,1
DA:2,1
DA:3,1
DA:4,1
DA:6,1
DA:7,1
DA:10,1
DA:11,3
DA:15,1
DA:16,4
DA:17,4
DA:18,4
DA:19,4
DA:20,4
DA:21,4
DA:23,4
DA:24,4
DA:25,1
DA:27,3
DA:28,1
DA:30,2
DA:31,0
DA:33,2
DA:34,0
DA:36,2
DA:37,0
DA:39,2
DA:40,0
DA:43,2
DA:44,2
DA:48,2
DA:51,2
DA:59,2
DA:61,1
DA:62,1
DA:63,1
DA:64,1
DA:65,1
DA:68,1
DA:69,1
DA:70,1
DA:72,0
DA:76,1
LF:43
LH:38
BRDA:24,1,0,1
BRDA:24,1,1,3
BRDA:24,2,0,4
BRDA:24,2,1,3
BRDA:27,3,0,1
BRDA:27,3,1,2
BRDA:30,4,0,0
BRDA:30,4,1,2
BRDA:30,5,0,2
BRDA:30,5,1,2
BRDA:33,6,0,0
BRDA:33,6,1,2
BRDA:36,7,0,0
BRDA:36,7,1,2
BRDA:39,8,0,0
BRDA:39,8,1,2
BRDA:68,9,0,1
BRDA:68,9,1,0
BRF:18
BRH:13
end_of_record
TN:
SF:/home/yxh/myblog/myblog/models/users.js
FN:5,create
FN:8,getUserByName
FN:14,getUserById
FNF:3
FNH:1
FNDA:2,create
FNDA:0,getUserByName
FNDA:0,getUserById
DA:1,1
DA:3,1
DA:6,2
DA:9,0
DA:15,0
LF:5
LH:3
BRF:0
BRH:0
end_of_record
TN:
SF:/home/yxh/myblog/myblog/lib/mongo.js
FN:11,(anonymous_1)
FN:12,(anonymous_2)
FN:17,(anonymous_3)
FNF:3
FNH:2
FNDA:1,(anonymous_1)
FNDA:1,(anonymous_2)
FNDA:0,(anonymous_3)
DA:1,1
DA:2,1
DA:3,1
DA:4,1
DA:6,1
DA:7,1
DA:10,1
DA:12,1
DA:13,1
DA:15,1
DA:18,0
DA:19,0
DA:21,0
DA:26,1
DA:35,1
DA:46,1
DA:52,1
DA:53,1
DA:54,1
DA:55,1
LF:20
LH:17
BRDA:18,1,0,0
BRDA:18,1,1,0
BRF:2
BRH:0
end_of_record
TN:
SF:/home/yxh/myblog/myblog/middlewares/check.js
FN:3,checkLogin
FN:10,checkNotLogin
FNF:2
FNH:1
FNDA:0,checkLogin
FNDA:7,checkNotLogin
DA:2,1
DA:4,0
DA:5,0
DA:6,0
DA:8,0
DA:11,7
DA:12,0
DA:13,0
DA:15,7
LF:9
LH:3
BRDA:4,1,0,0
BRDA:4,1,1,0
BRDA:11,2,0,0
BRDA:11,2,1,7
BRF:4
BRH:1
end_of_record
TN:
SF:/home/yxh/myblog/myblog/routes/signin.js
FNF:0
FNH:0
DA:1,1
DA:2,1
DA:3,1
DA:5,1
DA:6,1
DA:9,1
DA:10,0
DA:14,1
DA:15,0
DA:16,0
DA:18,0
DA:20,0
DA:21,0
DA:22,0
DA:24,0
DA:25,0
DA:26,0
DA:28,0
DA:29,0
DA:30,0
DA:31,0
DA:37,1
LF:22
LH:8
BRDA:20,1,0,0
BRDA:20,1,1,0
BRDA:24,2,0,0
BRDA:24,2,1,0
BRF:4
BRH:0
end_of_record
TN:
SF:/home/yxh/myblog/myblog/routes/signout.js
FNF:0
FNH:0
DA:1,1
DA:2,1
DA:4,1
DA:7,1
DA:8,0
DA:9,0
DA:10,0
DA:14,1
LF:8
LH:5
BRF:0
BRH:0
end_of_record
TN:
SF:/home/yxh/myblog/myblog/routes/posts.js
FNF:0
FNH:0
DA:2,1
DA:3,1
DA:4,1
DA:5,1
DA:6,1
DA:8,1
DA:11,1
DA:13,1
DA:14,1
DA:16,1
DA:24,1
DA:25,0
DA:29,1
DA:30,0
DA:31,0
DA:32,0
DA:33,0
DA:35,0
DA:36,0
DA:37,0
DA:39,0
DA:40,0
DA:43,0
DA:44,0
DA:46,0
DA:56,0
DA:58,0
DA:59,0
DA:60,0
DA:66,1
DA:67,0
DA:68,0
DA:74,0
DA:75,0
DA:76,0
DA:77,0
DA:79,0
DA:85,0
DA:90,1
DA:91,0
DA:92,0
DA:94,0
DA:96,0
DA:97,0
DA:99,0
DA:100,0
DA:102,0
DA:110,1
DA:111,0
DA:112,0
DA:113,0
DA:114,0
DA:116,0
DA:118,0
DA:119,0
DA:125,1
DA:126,0
DA:127,0
DA:128,0
DA:130,0
DA:131,0
DA:137,1
DA:138,0
DA:139,0
DA:140,0
DA:141,0
DA:146,0
DA:148,0
DA:149,0
DA:155,1
DA:156,0
DA:157,0
DA:158,0
DA:160,0
DA:161,0
DA:167,1
LF:76
LH:19
BRDA:36,1,0,0
BRDA:36,1,1,0
BRDA:39,2,0,0
BRDA:39,2,1,0
BRDA:76,3,0,0
BRDA:76,3,1,0
BRDA:96,4,0,0
BRDA:96,4,1,0
BRDA:99,5,0,0
BRDA:99,5,1,0
BRF:10
BRH:0
end_of_record
TN:
SF:/home/yxh/myblog/myblog/models/posts.js
FN:6,(anonymous_1)
FN:7,(anonymous_2)
FN:8,(anonymous_3)
FN:14,(anonymous_4)
FN:16,(anonymous_5)
FN:27,(anonymous_6)
FN:28,(anonymous_7)
FN:33,(anonymous_8)
FN:44,create
FN:48,getPostById
FN:57,getPosts
FN:71,incPv
FN:77,getRawPostById
FN:84,updatePostById
FN:88,delPostById
FNF:15
FNH:6
FNDA:1,(anonymous_1)
FNDA:1,(anonymous_2)
FNDA:1,(anonymous_3)
FNDA:0,(anonymous_4)
FNDA:0,(anonymous_5)
FNDA:1,(anonymous_6)
FNDA:1,(anonymous_7)
FNDA:0,(anonymous_8)
FNDA:0,create
FNDA:0,getPostById
FNDA:1,getPosts
FNDA:0,incPv
FNDA:0,getRawPostById
FNDA:0,updatePostById
FNDA:0,delPostById
DA:1,1
DA:2,1
DA:3,1
DA:5,1
DA:7,1
DA:8,1
DA:9,1
DA:10,1
DA:15,0
DA:16,0
DA:17,0
DA:18,0
DA:21,0
DA:26,1
DA:28,1
DA:29,1
DA:30,1
DA:34,0
DA:35,0
DA:37,0
DA:42,1
DA:45,0
DA:49,0
DA:58,1
DA:59,1
DA:60,0
DA:62,1
DA:72,0
DA:78,0
DA:85,0
DA:89,0
LF:31
LH:16
BRDA:15,1,0,0
BRDA:15,1,1,0
BRDA:34,2,0,0
BRDA:34,2,1,0
BRDA:59,3,0,0
BRDA:59,3,1,1
BRF:6
BRH:1
end_of_record
TN:
SF:/home/yxh/myblog/myblog/models/comments.js
FN:5,(anonymous_1)
FN:6,(anonymous_2)
FN:14,create
FN:17,delCommentById
FN:20,getComments
FN:29,getCommentsCount
FNF:6
FNH:1
FNDA:0,(anonymous_1)
FNDA:0,(anonymous_2)
FNDA:0,create
FNDA:0,delCommentById
FNDA:0,getComments
FNDA:1,getCommentsCount
DA:1,1
DA:2,1
DA:4,1
DA:6,0
DA:7,0
DA:8,0
DA:13,1
DA:15,0
DA:18,0
DA:21,0
DA:30,1
LF:11
LH:5
BRF:0
BRH:0
end_of_record
